<?xml version="1.0" encoding="UTF-8"?>
<!-- Generated by org.testng.reporters.JUnitReportReporter -->
<testsuite skipped="0" hostname="Khems-PC" name="login.WordpressLogin" tests="2" failures="0" timestamp="27 Apr 2019 09:34:33 GMT" time="30.671" errors="0">
  <testcase name="loginwithwordpree" time="13.575" classname="login.WordpressLogin"/>
  <testcase name="loginwithwordpree" time="17.096" classname="login.WordpressLogin"/>
</testsuite> <!-- login.WordpressLogin -->
